<?xml version="1.0" encoding="UTF-8"?>
<!-- Generated by org.testng.reporters.JUnitXMLReporter -->
<testsuite hostname="admin-PC" ignored="1" name="Test-Runner1" tests="2" failures="0" timestamp="01 May 2019 04:10:08 GMT" time="0.046" errors="0">
  <testcase name="deleteCustomerTest" time="0.0" classname="com.acttime.customertest.CustomerTest"/>
  <testcase name="modifyCustomerTest" time="0.0" classname="com.acttime.customertest.CustomerTest"/>
  <testcase name="createCustomerTest" time="0.0" classname="com.acttime.customertest.CustomerTest">
    <ignored/>
  </testcase> <!-- createCustomerTest -->
</testsuite> <!-- Test-Runner1 -->
