<?xml version="1.0" encoding="UTF-8"?>
<!-- Generated by org.testng.reporters.JUnitReportReporter -->
<testsuite skipped="0" hostname="admin-PC" name="com.acttime.customertest.CustomerTest" tests="2" failures="0" timestamp="04 May 2019 06:24:25 GMT" time="39.522" errors="0">
  <testcase name="createCustomerWithDescTest" time="35.281" classname="com.acttime.customertest.CustomerTest"/>
  <testcase name="createCustomerTest" time="4.241" classname="com.acttime.customertest.CustomerTest"/>
</testsuite> <!-- com.acttime.customertest.CustomerTest -->
