<?xml version="1.0" encoding="UTF-8"?>
<!-- Generated by org.testng.reporters.JUnitReportReporter -->
<testsuite skipped="0" hostname="admin-PC" name="com.acttime.customertest.CustomerTest_WithAll_Annotation" tests="2" failures="0" timestamp="30 Apr 2019 04:20:31 GMT" time="7.810" errors="0">
  <testcase name="modifyCustomerTest" time="3.984" classname="com.acttime.customertest.CustomerTest_WithAll_Annotation"/>
  <testcase name="createCustomerTest" time="3.826" classname="com.acttime.customertest.CustomerTest_WithAll_Annotation"/>
</testsuite> <!-- com.acttime.customertest.CustomerTest_WithAll_Annotation -->
