<?xml version="1.0" encoding="UTF-8"?>
<!-- Generated by org.testng.reporters.JUnitReportReporter -->
<testsuite skipped="0" hostname="admin-PC" name="com.acttime.usertest.USerTest" tests="2" failures="0" timestamp="04 May 2019 06:24:25 GMT" time="34.605" errors="0">
  <testcase name="modifyUSerTest" time="2.473" classname="com.acttime.usertest.USerTest"/>
  <testcase name="createUSerTest" time="32.132" classname="com.acttime.usertest.USerTest"/>
</testsuite> <!-- com.acttime.usertest.USerTest -->
