<?xml version="1.0" encoding="UTF-8"?>
<!-- Generated by org.testng.reporters.JUnitReportReporter -->
<testsuite skipped="0" hostname="admin-PC" name="com.acttime.test.HomePageTest" tests="2" failures="0" timestamp="02 May 2019 04:14:41 GMT" time="8.691" errors="0">
  <testcase name="homePageVerifyTest" time="4.301" classname="com.acttime.test.HomePageTest"/>
  <testcase name="homePageLogoImageVerifyTest" time="4.390" classname="com.acttime.test.HomePageTest"/>
</testsuite> <!-- com.acttime.test.HomePageTest -->
