<?xml version="1.0" encoding="UTF-8"?>
<!-- Generated by org.testng.reporters.JUnitReportReporter -->
<testsuite skipped="0" hostname="admin-PC" name="pac.AddToCart" tests="5" failures="0" timestamp="07 May 2019 02:43:30 GMT" time="0.062" errors="0">
  <testcase name="addtoCart" time="0.016" classname="pac.AddToCart"/>
  <testcase name="addtoCart" time="0.000" classname="pac.AddToCart"/>
  <testcase name="addtoCart" time="0.000" classname="pac.AddToCart"/>
  <testcase name="addtoCart" time="0.000" classname="pac.AddToCart"/>
  <testcase name="addtoCart" time="0.046" classname="pac.AddToCart"/>
</testsuite> <!-- pac.AddToCart -->
