<?xml version="1.0" encoding="UTF-8"?>
<!-- Generated by org.testng.reporters.JUnitReportReporter -->
<testsuite skipped="0" hostname="admin-PC" name="com.acttime.test.POMTest" tests="1" failures="0" timestamp="04 May 2019 03:52:11 GMT" time="4.080" errors="0">
  <testcase name="loginTest" time="4.080" classname="com.acttime.test.POMTest"/>
</testsuite> <!-- com.acttime.test.POMTest -->
